  Tree.cpp
    正在创建库 E:\软件工程\Tree\Release\Tree.lib 和对象 E:\软件工程\Tree\Release\Tree.exp
Tree.obj : error LNK2001: 无法解析的外部符号 "public: __thiscall GDALMultiDomainMetadata::~GDALMultiDomainMetadata(void)" (??1GDALMultiDomainMetadata@@QAE@XZ)
Tree.obj : error LNK2001: 无法解析的外部符号 "public: virtual __thiscall GDALMajorObject::~GDALMajorObject(void)" (??1GDALMajorObject@@UAE@XZ)
Tree.obj : error LNK2001: 无法解析的外部符号 "public: __thiscall GDALDefaultOverviews::~GDALDefaultOverviews(void)" (??1GDALDefaultOverviews@@QAE@XZ)
Tree.obj : error LNK2001: 无法解析的外部符号 "public: virtual __thiscall GDALDataset::~GDALDataset(void)" (??1GDALDataset@@UAE@XZ)
Tree.obj : error LNK2001: 无法解析的外部符号 "public: virtual __thiscall GDALRasterBlock::~GDALRasterBlock(void)" (??1GDALRasterBlock@@UAE@XZ)
Tree.obj : error LNK2001: 无法解析的外部符号 "public: __thiscall GDALColorTable::GDALColorTable(enum GDALPaletteInterp)" (??0GDALColorTable@@QAE@W4GDALPaletteInterp@@@Z)
Tree.obj : error LNK2001: 无法解析的外部符号 "public: virtual __thiscall GDALRasterBand::~GDALRasterBand(void)" (??1GDALRasterBand@@UAE@XZ)
Tree.obj : error LNK2001: 无法解析的外部符号 "public: virtual __thiscall GDALAllValidMaskBand::~GDALAllValidMaskBand(void)" (??1GDALAllValidMaskBand@@UAE@XZ)
Tree.obj : error LNK2001: 无法解析的外部符号 "public: virtual __thiscall GDALNoDataMaskBand::~GDALNoDataMaskBand(void)" (??1GDALNoDataMaskBand@@UAE@XZ)
Tree.obj : error LNK2001: 无法解析的外部符号 "public: virtual __thiscall GDALNoDataValuesMaskBand::~GDALNoDataValuesMaskBand(void)" (??1GDALNoDataValuesMaskBand@@UAE@XZ)
Tree.obj : error LNK2001: 无法解析的外部符号 "public: virtual __thiscall GDALDriver::~GDALDriver(void)" (??1GDALDriver@@UAE@XZ)
Tree.obj : error LNK2001: 无法解析的外部符号 "public: virtual __thiscall GDALDriverManager::~GDALDriverManager(void)" (??1GDALDriverManager@@UAE@XZ)
Tree.obj : error LNK2001: 无法解析的外部符号 "public: virtual char const * __thiscall GDALMajorObject::GetDescription(void)const " (?GetDescription@GDALMajorObject@@UBEPBDXZ)
Tree.obj : error LNK2001: 无法解析的外部符号 "public: virtual void __thiscall GDALMajorObject::SetDescription(char const *)" (?SetDescription@GDALMajorObject@@UAEXPBD@Z)
Tree.obj : error LNK2001: 无法解析的外部符号 "public: virtual char * * __thiscall GDALMajorObject::GetMetadata(char const *)" (?GetMetadata@GDALMajorObject@@UAEPAPADPBD@Z)
Tree.obj : error LNK2001: 无法解析的外部符号 "public: virtual enum CPLErr __thiscall GDALMajorObject::SetMetadata(char * *,char const *)" (?SetMetadata@GDALMajorObject@@UAE?AW4CPLErr@@PAPADPBD@Z)
Tree.obj : error LNK2001: 无法解析的外部符号 "public: virtual char const * __thiscall GDALMajorObject::GetMetadataItem(char const *,char const *)" (?GetMetadataItem@GDALMajorObject@@UAEPBDPBD0@Z)
Tree.obj : error LNK2001: 无法解析的外部符号 "public: virtual enum CPLErr __thiscall GDALMajorObject::SetMetadataItem(char const *,char const *,char const *)" (?SetMetadataItem@GDALMajorObject@@UAE?AW4CPLErr@@PBD00@Z)
Tree.obj : error LNK2001: 无法解析的外部符号 "protected: virtual enum CPLErr __thiscall GDALDataset::IBuildOverviews(char const *,int,int *,int,int *,int (__stdcall*)(double,char const *,void *),void *)" (?IBuildOverviews@GDALDataset@@MAE?AW4CPLErr@@PBDHPAHH1P6GHN0PAX@Z2@Z)
Tree.obj : error LNK2001: 无法解析的外部符号 "protected: virtual enum CPLErr __thiscall GDALDataset::IRasterIO(enum GDALRWFlag,int,int,int,int,void *,int,int,enum GDALDataType,int,int *,int,int,int)" (?IRasterIO@GDALDataset@@MAE?AW4CPLErr@@W4GDALRWFlag@@HHHHPAXHHW4GDALDataType@@HPAHHHH@Z)
Tree.obj : error LNK2001: 无法解析的外部符号 "public: virtual void __thiscall GDALDataset::FlushCache(void)" (?FlushCache@GDALDataset@@UAEXXZ)
Tree.obj : error LNK2001: 无法解析的外部符号 "public: virtual char const * __thiscall GDALDataset::GetProjectionRef(void)" (?GetProjectionRef@GDALDataset@@UAEPBDXZ)
Tree.obj : error LNK2001: 无法解析的外部符号 "public: virtual enum CPLErr __thiscall GDALDataset::SetProjection(char const *)" (?SetProjection@GDALDataset@@UAE?AW4CPLErr@@PBD@Z)
Tree.obj : error LNK2001: 无法解析的外部符号 "public: virtual enum CPLErr __thiscall GDALDataset::GetGeoTransform(double *)" (?GetGeoTransform@GDALDataset@@UAE?AW4CPLErr@@PAN@Z)
Tree.obj : error LNK2001: 无法解析的外部符号 "public: virtual enum CPLErr __thiscall GDALDataset::SetGeoTransform(double *)" (?SetGeoTransform@GDALDataset@@UAE?AW4CPLErr@@PAN@Z)
Tree.obj : error LNK2001: 无法解析的外部符号 "public: virtual enum CPLErr __thiscall GDALDataset::AddBand(enum GDALDataType,char * *)" (?AddBand@GDALDataset@@UAE?AW4CPLErr@@W4GDALDataType@@PAPAD@Z)
Tree.obj : error LNK2001: 无法解析的外部符号 "public: virtual void * __thiscall GDALDataset::GetInternalHandle(char const *)" (?GetInternalHandle@GDALDataset@@UAEPAXPBD@Z)
Tree.obj : error LNK2001: 无法解析的外部符号 "public: virtual class GDALDriver * __thiscall GDALDataset::GetDriver(void)" (?GetDriver@GDALDataset@@UAEPAVGDALDriver@@XZ)
Tree.obj : error LNK2001: 无法解析的外部符号 "public: virtual char * * __thiscall GDALDataset::GetFileList(void)" (?GetFileList@GDALDataset@@UAEPAPADXZ)
Tree.obj : error LNK2001: 无法解析的外部符号 "public: virtual int __thiscall GDALDataset::GetGCPCount(void)" (?GetGCPCount@GDALDataset@@UAEHXZ)
Tree.obj : error LNK2001: 无法解析的外部符号 "public: virtual char const * __thiscall GDALDataset::GetGCPProjection(void)" (?GetGCPProjection@GDALDataset@@UAEPBDXZ)
Tree.obj : error LNK2001: 无法解析的外部符号 "public: virtual struct GDAL_GCP const * __thiscall GDALDataset::GetGCPs(void)" (?GetGCPs@GDALDataset@@UAEPBUGDAL_GCP@@XZ)
Tree.obj : error LNK2001: 无法解析的外部符号 "public: virtual enum CPLErr __thiscall GDALDataset::SetGCPs(int,struct GDAL_GCP const *,char const *)" (?SetGCPs@GDALDataset@@UAE?AW4CPLErr@@HPBUGDAL_GCP@@PBD@Z)
Tree.obj : error LNK2001: 无法解析的外部符号 "public: virtual enum CPLErr __thiscall GDALDataset::AdviseRead(int,int,int,int,int,int,enum GDALDataType,int,int *,char * *)" (?AdviseRead@GDALDataset@@UAE?AW4CPLErr@@HHHHHHW4GDALDataType@@HPAHPAPAD@Z)
Tree.obj : error LNK2001: 无法解析的外部符号 "public: virtual enum CPLErr __thiscall GDALDataset::CreateMaskBand(int)" (?CreateMaskBand@GDALDataset@@UAE?AW4CPLErr@@H@Z)
Tree.obj : error LNK2001: 无法解析的外部符号 "protected: virtual enum CPLErr __thiscall GDALRasterBand::IWriteBlock(int,int,void *)" (?IWriteBlock@GDALRasterBand@@MAE?AW4CPLErr@@HHPAX@Z)
Tree.obj : error LNK2001: 无法解析的外部符号 "protected: virtual enum CPLErr __thiscall GDALRasterBand::IRasterIO(enum GDALRWFlag,int,int,int,int,void *,int,int,enum GDALDataType,int,int)" (?IRasterIO@GDALRasterBand@@MAE?AW4CPLErr@@W4GDALRWFlag@@HHHHPAXHHW4GDALDataType@@HH@Z)
Tree.obj : error LNK2001: 无法解析的外部符号 "public: virtual enum CPLErr __thiscall GDALRasterBand::FlushCache(void)" (?FlushCache@GDALRasterBand@@UAE?AW4CPLErr@@XZ)
Tree.obj : error LNK2001: 无法解析的外部符号 "public: virtual char * * __thiscall GDALRasterBand::GetCategoryNames(void)" (?GetCategoryNames@GDALRasterBand@@UAEPAPADXZ)
Tree.obj : error LNK2001: 无法解析的外部符号 "public: virtual double __thiscall GDALRasterBand::GetNoDataValue(int *)" (?GetNoDataValue@GDALRasterBand@@UAENPAH@Z)
Tree.obj : error LNK2001: 无法解析的外部符号 "public: virtual double __thiscall GDALRasterBand::GetMinimum(int *)" (?GetMinimum@GDALRasterBand@@UAENPAH@Z)
Tree.obj : error LNK2001: 无法解析的外部符号 "public: virtual double __thiscall GDALRasterBand::GetMaximum(int *)" (?GetMaximum@GDALRasterBand@@UAENPAH@Z)
Tree.obj : error LNK2001: 无法解析的外部符号 "public: virtual double __thiscall GDALRasterBand::GetOffset(int *)" (?GetOffset@GDALRasterBand@@UAENPAH@Z)
Tree.obj : error LNK2001: 无法解析的外部符号 "public: virtual double __thiscall GDALRasterBand::GetScale(int *)" (?GetScale@GDALRasterBand@@UAENPAH@Z)
Tree.obj : error LNK2001: 无法解析的外部符号 "public: virtual char const * __thiscall GDALRasterBand::GetUnitType(void)" (?GetUnitType@GDALRasterBand@@UAEPBDXZ)
Tree.obj : error LNK2001: 无法解析的外部符号 "public: virtual enum GDALColorInterp __thiscall GDALRasterBand::GetColorInterpretation(void)" (?GetColorInterpretation@GDALRasterBand@@UAE?AW4GDALColorInterp@@XZ)
Tree.obj : error LNK2001: 无法解析的外部符号 "public: virtual class GDALColorTable * __thiscall GDALRasterBand::GetColorTable(void)" (?GetColorTable@GDALRasterBand@@UAEPAVGDALColorTable@@XZ)
Tree.obj : error LNK2001: 无法解析的外部符号 "public: virtual enum CPLErr __thiscall GDALRasterBand::Fill(double,double)" (?Fill@GDALRasterBand@@UAE?AW4CPLErr@@NN@Z)
Tree.obj : error LNK2001: 无法解析的外部符号 "public: virtual enum CPLErr __thiscall GDALRasterBand::SetCategoryNames(char * *)" (?SetCategoryNames@GDALRasterBand@@UAE?AW4CPLErr@@PAPAD@Z)
Tree.obj : error LNK2001: 无法解析的外部符号 "public: virtual enum CPLErr __thiscall GDALRasterBand::SetNoDataValue(double)" (?SetNoDataValue@GDALRasterBand@@UAE?AW4CPLErr@@N@Z)
Tree.obj : error LNK2001: 无法解析的外部符号 "public: virtual enum CPLErr __thiscall GDALRasterBand::SetColorTable(class GDALColorTable *)" (?SetColorTable@GDALRasterBand@@UAE?AW4CPLErr@@PAVGDALColorTable@@@Z)
Tree.obj : error LNK2001: 无法解析的外部符号 "public: virtual enum CPLErr __thiscall GDALRasterBand::SetColorInterpretation(enum GDALColorInterp)" (?SetColorInterpretation@GDALRasterBand@@UAE?AW4CPLErr@@W4GDALColorInterp@@@Z)
Tree.obj : error LNK2001: 无法解析的外部符号 "public: virtual enum CPLErr __thiscall GDALRasterBand::SetOffset(double)" (?SetOffset@GDALRasterBand@@UAE?AW4CPLErr@@N@Z)
Tree.obj : error LNK2001: 无法解析的外部符号 "public: virtual enum CPLErr __thiscall GDALRasterBand::SetScale(double)" (?SetScale@GDALRasterBand@@UAE?AW4CPLErr@@N@Z)
Tree.obj : error LNK2001: 无法解析的外部符号 "public: virtual enum CPLErr __thiscall GDALRasterBand::SetUnitType(char const *)" (?SetUnitType@GDALRasterBand@@UAE?AW4CPLErr@@PBD@Z)
Tree.obj : error LNK2001: 无法解析的外部符号 "public: virtual enum CPLErr __thiscall GDALRasterBand::GetStatistics(int,int,double *,double *,double *,double *)" (?GetStatistics@GDALRasterBand@@UAE?AW4CPLErr@@HHPAN000@Z)
Tree.obj : error LNK2001: 无法解析的外部符号 "public: virtual enum CPLErr __thiscall GDALRasterBand::ComputeStatistics(int,double *,double *,double *,double *,int (__stdcall*)(double,char const *,void *),void *)" (?ComputeStatistics@GDALRasterBand@@UAE?AW4CPLErr@@HPAN000P6GHNPBDPAX@Z2@Z)
Tree.obj : error LNK2001: 无法解析的外部符号 "public: virtual enum CPLErr __thiscall GDALRasterBand::SetStatistics(double,double,double,double)" (?SetStatistics@GDALRasterBand@@UAE?AW4CPLErr@@NNNN@Z)
Tree.obj : error LNK2001: 无法解析的外部符号 "public: virtual enum CPLErr __thiscall GDALRasterBand::ComputeRasterMinMax(int,double *)" (?ComputeRasterMinMax@GDALRasterBand@@UAE?AW4CPLErr@@HPAN@Z)
Tree.obj : error LNK2001: 无法解析的外部符号 "public: virtual int __thiscall GDALRasterBand::HasArbitraryOverviews(void)" (?HasArbitraryOverviews@GDALRasterBand@@UAEHXZ)
Tree.obj : error LNK2001: 无法解析的外部符号 "public: virtual int __thiscall GDALRasterBand::GetOverviewCount(void)" (?GetOverviewCount@GDALRasterBand@@UAEHXZ)
Tree.obj : error LNK2001: 无法解析的外部符号 "public: virtual class GDALRasterBand * __thiscall GDALRasterBand::GetOverview(int)" (?GetOverview@GDALRasterBand@@UAEPAV1@H@Z)
Tree.obj : error LNK2001: 无法解析的外部符号 "public: virtual class GDALRasterBand * __thiscall GDALRasterBand::GetRasterSampleOverview(int)" (?GetRasterSampleOverview@GDALRasterBand@@UAEPAV1@H@Z)
Tree.obj : error LNK2001: 无法解析的外部符号 "public: virtual enum CPLErr __thiscall GDALRasterBand::BuildOverviews(char const *,int,int *,int (__stdcall*)(double,char const *,void *),void *)" (?BuildOverviews@GDALRasterBand@@UAE?AW4CPLErr@@PBDHPAHP6GHN0PAX@Z2@Z)
Tree.obj : error LNK2001: 无法解析的外部符号 "public: virtual enum CPLErr __thiscall GDALRasterBand::AdviseRead(int,int,int,int,int,int,enum GDALDataType,char * *)" (?AdviseRead@GDALRasterBand@@UAE?AW4CPLErr@@HHHHHHW4GDALDataType@@PAPAD@Z)
Tree.obj : error LNK2001: 无法解析的外部符号 "public: virtual enum CPLErr __thiscall GDALRasterBand::GetHistogram(double,double,int,int *,int,int,int (__stdcall*)(double,char const *,void *),void *)" (?GetHistogram@GDALRasterBand@@UAE?AW4CPLErr@@NNHPAHHHP6GHNPBDPAX@Z2@Z)
Tree.obj : error LNK2001: 无法解析的外部符号 "public: virtual enum CPLErr __thiscall GDALRasterBand::GetDefaultHistogram(double *,double *,int *,int * *,int,int (__stdcall*)(double,char const *,void *),void *)" (?GetDefaultHistogram@GDALRasterBand@@UAE?AW4CPLErr@@PAN0PAHPAPAHHP6GHNPBDPAX@Z4@Z)
Tree.obj : error LNK2001: 无法解析的外部符号 "public: virtual enum CPLErr __thiscall GDALRasterBand::SetDefaultHistogram(double,double,int,int *)" (?SetDefaultHistogram@GDALRasterBand@@UAE?AW4CPLErr@@NNHPAH@Z)
Tree.obj : error LNK2001: 无法解析的外部符号 "public: virtual class GDALRasterAttributeTable const * __thiscall GDALRasterBand::GetDefaultRAT(void)" (?GetDefaultRAT@GDALRasterBand@@UAEPBVGDALRasterAttributeTable@@XZ)
Tree.obj : error LNK2001: 无法解析的外部符号 "public: virtual enum CPLErr __thiscall GDALRasterBand::SetDefaultRAT(class GDALRasterAttributeTable const *)" (?SetDefaultRAT@GDALRasterBand@@UAE?AW4CPLErr@@PBVGDALRasterAttributeTable@@@Z)
Tree.obj : error LNK2001: 无法解析的外部符号 "public: virtual class GDALRasterBand * __thiscall GDALRasterBand::GetMaskBand(void)" (?GetMaskBand@GDALRasterBand@@UAEPAV1@XZ)
Tree.obj : error LNK2001: 无法解析的外部符号 "public: virtual int __thiscall GDALRasterBand::GetMaskFlags(void)" (?GetMaskFlags@GDALRasterBand@@UAEHXZ)
Tree.obj : error LNK2001: 无法解析的外部符号 "public: virtual enum CPLErr __thiscall GDALRasterBand::CreateMaskBand(int)" (?CreateMaskBand@GDALRasterBand@@UAE?AW4CPLErr@@H@Z)
Tree.obj : error LNK2001: 无法解析的外部符号 "protected: virtual enum CPLErr __thiscall GDALAllValidMaskBand::IReadBlock(int,int,void *)" (?IReadBlock@GDALAllValidMaskBand@@MAE?AW4CPLErr@@HHPAX@Z)
Tree.obj : error LNK2001: 无法解析的外部符号 "public: virtual class GDALRasterBand * __thiscall GDALAllValidMaskBand::GetMaskBand(void)" (?GetMaskBand@GDALAllValidMaskBand@@UAEPAVGDALRasterBand@@XZ)
Tree.obj : error LNK2001: 无法解析的外部符号 "public: virtual int __thiscall GDALAllValidMaskBand::GetMaskFlags(void)" (?GetMaskFlags@GDALAllValidMaskBand@@UAEHXZ)
Tree.obj : error LNK2001: 无法解析的外部符号 "protected: virtual enum CPLErr __thiscall GDALNoDataMaskBand::IReadBlock(int,int,void *)" (?IReadBlock@GDALNoDataMaskBand@@MAE?AW4CPLErr@@HHPAX@Z)
Tree.obj : error LNK2001: 无法解析的外部符号 "protected: virtual enum CPLErr __thiscall GDALNoDataValuesMaskBand::IReadBlock(int,int,void *)" (?IReadBlock@GDALNoDataValuesMaskBand@@MAE?AW4CPLErr@@HHPAX@Z)
E:\软件工程\Tree\Release\Tree.exe : fatal error LNK1120: 78 个无法解析的外部命令
